FDTD Solutions Version 8.21.1809 (Windows 64bit)
 expires (month/day/year): 12/31/2019
using config file: C:/Users/User/AppData/Roaming/Lumerical/FDTD Solutions.ini
license host: <a href=http://132.64.56.90:8095>132.64.56.90:8095</a>
current time: Tue Dec 10 12:27:49 2019
Running on host: RapaportGroup_HBT
All processes are communicating and ready to proceed to simulation...
Running fsp file: C:\Program Files\Lumerical\FDTD\bin\fdtd-engine-msmpi.exe -t 1 -remote C:/Users/User/Google Drive/Single Photon  Project/Codes/Bullseye_Simulations/Plasmonic Patch Antenna/3D_model - chirped - alumina.fsp
number of processors is 4
processors are distributed as: 2x2x1
Running 3D Simulation
Starting meshing
Simulation size in gridpoints: 203 x 203 x 331
Refined 0 mesh cells (0%)
Completed meshing!
Meshing complete in 116.75 seconds of CPU time
69392144 69392144
Starting meshing
Simulation size in gridpoints: 203 x 203 x 331
Refined 0 mesh cells (0%)
Completed meshing!
Meshing complete in 112.25 seconds of CPU time
68512592 68512592
Starting meshing
Simulation size in gridpoints: 203 x 203 x 331
Refined 0 mesh cells (0%)
Completed meshing!
Meshing complete in 113.406 seconds of CPU time
23616160 23616160
finished material properties
Meshing Time: 238.117 seconds, Init Electrical Material Time: 66.8562 seconds, Init Magnetic Material Time: 0.086294
Using selected optimization level: 2
Selecting 3d kernel for splitFieldDirection=0 and optLevel=2
-----------------------------------------
Beginning initialization of 3D Simulation
Starting to add sources to simulation
Adding 3D point source
Starting to add boundary conditions to simulation
Adding 3D Symmetric BC
Adding 3D Parallel BC
Adding 3D Symmetric BC
Adding 3D Parallel BC
Adding 3D PML BC
Adding 3D PML BC
Starting to add monitors to Simulation
Adding analysis monitor
Adding analysis monitor
Adding analysis monitor
Adding 3D DFT monitor
Adding 3D DFT monitor
Adding 3D DFT monitor
Monitor ::model::QE::structure::x1 is outside the simulation and will not record any data
Adding 3D DFT monitor
Adding 3D DFT monitor
Monitor ::model::QE::structure::y1 is outside the simulation and will not record any data
Adding 3D DFT monitor
Adding analysis monitor
Adding 3D DFT monitor
Adding 3D DFT monitor
Adding 3D DFT monitor
Adding 3D DFT monitor
Adding 3D DFT monitor
Adding 3D index monitor
Finished initialization of 3D Simulation
-----------------------------------------
All processes are communicating and ready to proceed to simulation...
Starting 382292 total iterations
0% complete. Max time remaining: 85 hrs, 52 mins, 52 secs. Auto Shutoff: 1
1% complete. Max time remaining: 83 hrs, 58 mins, 27 secs. Auto Shutoff: 1
