Warning: your license expires in 0 days!
FDTD Solutions Version 8.17.1057 (Windows 64bit)
 expires (month/day/year): 1/3/2017
using config file: C:/Users/Hamza/AppData/Roaming/Lumerical/FDTD Solutions.ini
license host: DESKTOP-UKQRL5K
current time: Tue Jan 03 12:51:12 2017
Running on host: DESKTOP-UKQRL5K
All processes are communicating and ready to proceed to simulation...
Running fsp file: C:\Program Files\Lumerical\FDTD\bin\fdtd-engine-msmpi.exe -remote C:/Users/Hamza/Desktop/TEST/Plasmonic Patch Antenna/nanocone.fsp
number of processors is 8
processors are distributed as: 2x4x1
Running 3D Simulation
Starting meshing
Simulation size in gridpoints: 116 x 58 x 60
Refined 18809 mesh cells (4.65938%)
Completed meshing!
Meshing complete in 1.21875 seconds of CPU time
13328 13328
Starting meshing
Simulation size in gridpoints: 116 x 58 x 60
Refined 18836 mesh cells (4.66607%)
Completed meshing!
Meshing complete in 1.17188 seconds of CPU time
13584 13584
Starting meshing
Simulation size in gridpoints: 116 x 58 x 60
Refined 18838 mesh cells (4.66657%)
Completed meshing!
Meshing complete in 0.828125 seconds of CPU time
13200 13200
finished material properties
Using selected optimization level: 2
Selecting 3d kernel for splitFieldDirection=0 and optLevel=2
-----------------------------------------
Beginning initialization of 3D Simulation
Starting to add sources to simulation
Adding 3D point Source
Starting to add boundary conditions to simulation
Adding 3D Symmetric BC
Adding 3D Parallel BC
Adding 3D Symmetric BC
Adding 3D Parallel BC
Adding 3D PML BC
Adding 3D PML BC
Starting to add monitors to Simulation
Adding analysis monitor
Adding analysis monitor
Adding analysis monitor
Adding 3D DFT monitor
Adding 3D DFT monitor
Adding 3D DFT monitor
Monitor ::model::QE::dipole::x1 is outside the simulation and will not record any data
Adding 3D DFT monitor
Adding 3D DFT monitor
Monitor ::model::QE::dipole::y1 is outside the simulation and will not record any data
Adding 3D DFT monitor
Adding analysis monitor
Adding 3D DFT monitor
Adding 3D DFT monitor
Adding 3D DFT monitor
Monitor ::model::QE::structure::x1 is outside the simulation and will not record any data
Adding 3D DFT monitor
Adding 3D DFT monitor
Monitor ::model::QE::structure::y1 is outside the simulation and will not record any data
Adding 3D DFT monitor
Adding analysis monitor
Adding 3D DFT monitor
Adding 3D DFT monitor
Adding 3D DFT monitor
Monitor ::model::f_det::x1 is outside the simulation and will not record any data
Adding 3D DFT monitor
Adding 3D DFT monitor
Monitor ::model::f_det::y1 is outside the simulation and will not record any data
Adding 3D DFT monitor
Adding 3D index monitor
Finished initialization of 3D Simulation
-----------------------------------------
All processes are communicating and ready to proceed to simulation...
Starting 73459 total iterations
0% complete. Max time remaining: 32 mins, 52 secs. Auto Shutoff: 1
