FDTD Solutions Version 8.21.1809 (Windows 64bit)
 expires (month/day/year): 12/31/2019
using config file: C:/Users/User/AppData/Roaming/Lumerical/FDTD Solutions.ini
license host: <a href=http://132.64.56.90:8095>132.64.56.90:8095</a>
current time: Sat Nov 16 10:08:29 2019
Running on host: RapaportGroup_HBT
All processes are communicating and ready to proceed to simulation...
Running fsp file: C:\Program Files\Lumerical\FDTD\bin\fdtd-engine-msmpi.exe -t 1 -remote C:/Users/User/Google Drive/Rapaport Lab Shared/Single Photon  Project/Codes/Bullseye_Simulations/Plasmonic Patch Antenna/Patch.fsp
number of processors is 4
processors are distributed as: 1x1x4
Running 3D Simulation
Starting meshing
Simulation size in gridpoints: 63 x 63 x 87
Refined 0 mesh cells (0%)
Completed meshing!
Meshing complete in 0.171875 seconds of CPU time
16 16
Starting meshing
Simulation size in gridpoints: 63 x 63 x 87
Refined 0 mesh cells (0%)
Completed meshing!
Meshing complete in 0.15625 seconds of CPU time
16 16
Starting meshing
Simulation size in gridpoints: 63 x 63 x 87
Refined 0 mesh cells (0%)
Completed meshing!
Meshing complete in 0.15625 seconds of CPU time
16 16
finished material properties
Meshing Time: 0.345474 seconds, Init Electrical Material Time: 0.0391483 seconds, Init Magnetic Material Time: 0.0023576
Using selected optimization level: 2
Selecting 3d kernel for splitFieldDirection=0 and optLevel=2
-----------------------------------------
Beginning initialization of 3D Simulation
Starting to add sources to simulation
Adding 3D point source
Starting to add boundary conditions to simulation
Adding 3D Symmetric BC
Adding 3D PML BC
Adding 3D Symmetric BC
Adding 3D PML BC
Adding 3D PML BC
Adding 3D Parallel BC
Starting to add monitors to Simulation
Adding analysis monitor
Adding analysis monitor
Adding analysis monitor
Adding 3D DFT monitor
Adding 3D DFT monitor
Adding 3D DFT monitor
Monitor ::model::QE::structure::x1 is outside the simulation and will not record any data
Adding 3D DFT monitor
Adding 3D DFT monitor
Monitor ::model::QE::structure::y1 is outside the simulation and will not record any data
Adding 3D DFT monitor
Adding analysis monitor
Adding 3D DFT monitor
Adding 3D DFT monitor
Adding 3D DFT monitor
Adding 3D DFT monitor
Adding 3D index monitor
Adding 3D index monitor
Finished initialization of 3D Simulation
-----------------------------------------
All processes are communicating and ready to proceed to simulation...
Starting 758942 total iterations
0% complete. Max time remaining: 2 hrs, 55 mins, 8 secs. Auto Shutoff: 1
1% complete. Max time remaining: 2 hrs, 54 mins, 48 secs. Auto Shutoff: 1
2% complete. Max time remaining: 2 hrs, 52 mins, 8 secs. Auto Shutoff: 1
3% complete. Max time remaining: 2 hrs, 50 mins, 6 secs. Auto Shutoff: 0.00975859
4% complete. Max time remaining: 2 hrs, 48 mins, 10 secs. Auto Shutoff: 0.000251032
100% complete. Max time remaining: 0 mins, 0 secs. Auto Shutoff: 9.15225e-006
Early termination of simulation, the autoshutoff criteria are satisfied.
Completed 36959 iterations, or 4.869806e-014s of Simulation Time
Process 0 starting to collect data
    collecting monitor data
Monitor ::model::QE::structure::x1 is outside the simulation and will not record any data
Monitor ::model::QE::structure::y1 is outside the simulation and will not record any data
    collecting source data
Finished collecting data
Simulation completed successfully at: Sat Nov 16 10:17:02 2019
Overall wall time measurements in seconds:
    time to mesh and initialize: 1
    time to run FDTD simulation: 512
    time to finalize data and save to files: 0
    FDTD solver speed: 24.9259 Mnodes/s
    total FDTD solver speed on 4 processes: 99.7035 Mnodes/s
