FDTD Solutions Version 8.17.1072 (Windows 64bit)
 expires (month/day/year): 2/1/2017
using config file: C:/Users/Hamza/AppData/Roaming/Lumerical/FDTD Solutions.ini
license host: DESKTOP-1SRDIPR
current time: Mon Jan 09 21:22:08 2017
Running on host: DESKTOP-1SRDIPR
All processes are communicating and ready to proceed to simulation...
Running fsp file: C:\Program Files\Lumerical\FDTD\bin\fdtd-engine-msmpi.exe -remote D:/Google Drive/PhD/Codes/Bullseye_Simulations/Dielectric Cavity/3D_dielectric_cavity.fsp
number of processors is 4
processors are distributed as: 2x2x1
Running 3D Simulation
Starting meshing
Simulation size in gridpoints: 89 x 89 x 39
Refined 15944 mesh cells (5.16122%)
Completed meshing!
Meshing complete in 1.07813 seconds of CPU time
1344 1344
Starting meshing
Simulation size in gridpoints: 89 x 89 x 39
Refined 15944 mesh cells (5.16122%)
Completed meshing!
Meshing complete in 1.01563 seconds of CPU time
1248 1248
Starting meshing
Simulation size in gridpoints: 89 x 89 x 39
Refined 15982 mesh cells (5.17352%)
Completed meshing!
Meshing complete in 1.0625 seconds of CPU time
32 32
finished material properties
Using selected optimization level: 2
Selecting 3d kernel for splitFieldDirection=0 and optLevel=2
-----------------------------------------
Beginning initialization of 3D Simulation
Starting to add sources to simulation
Adding 3D point Source
Starting to add boundary conditions to simulation
Adding 3D Anti-Symmetric BC
Adding 3D Parallel BC
Adding 3D Symmetric BC
Adding 3D Parallel BC
Adding 3D PML BC
Adding 3D PML BC
Starting to add monitors to Simulation
Adding analysis monitor
Adding 3D Time monitor
Adding analysis monitor
Adding 3D DFT monitor
Adding 3D DFT monitor
Adding 3D DFT monitor
Adding 3D DFT monitor
Finished initialization of 3D Simulation
-----------------------------------------
All processes are communicating and ready to proceed to simulation...
Starting 10468 total iterations
0% complete. Max time remaining: 14 mins, 10 secs. Auto Shutoff: 1
1% complete. Max time remaining: 14 mins, 10 secs. Auto Shutoff: 1
2% complete. Max time remaining: 13 mins, 39 secs. Auto Shutoff: 1
3% complete. Max time remaining: 13 mins, 39 secs. Auto Shutoff: 1
4% complete. Max time remaining: 13 mins, 31 secs. Auto Shutoff: 1
5% complete. Max time remaining: 13 mins, 15 secs. Auto Shutoff: 1
6% complete. Max time remaining: 13 mins, 7 secs. Auto Shutoff: 1
7% complete. Max time remaining: 13 mins, 7 secs. Auto Shutoff: 0.797053
8% complete. Max time remaining: 12 mins, 59 secs. Auto Shutoff: 0.524492
9% complete. Max time remaining: 12 mins, 53 secs. Auto Shutoff: 0.156234
10% complete. Max time remaining: 12 mins, 45 secs. Auto Shutoff: 0.0168514
100% complete. Max time remaining: 0 mins, 0 secs. Auto Shutoff: 0.000632427
Early termination of simulation, the autoshutoff criteria are satisfied.
Completed 1131 iterations, or 5.402118e-014s of Simulation Time
Process 0 starting to collect data
    collecting monitor data
    collecting source data
Finished collecting data
Simulation completed successfully at: Mon Jan 09 21:23:45 2017
Overall wall time measurements in seconds:
    time to mesh and initialize: 4
    time to run FDTD simulation: 93
    time to finalize data and save to files: 0
    FDTD solver speed: 3.75685 Mnodes/s
    total FDTD solver speed on 4 processes: 15.0274 Mnodes/s
