Ansys Lumerical 2023 R2.0 FDTD Solver Version 8.30.3457 (Windows 64bit)
 expires (month/day/year): 4/30/2025
using config file: Ansys Licensing set with ANSYSLMD_LICENSE_FILE
license host: 1055@license.cns.utexas.edu
current time: Sat Oct 26 10:06:47 2024
Running on host: CNS-F-PMAD11879
host available memory (GB): 4.899709
All processes are communicating and ready to proceed to simulation...
Running fsp file: C:\Program Files\Lumerical\v232\bin\fdtd-engine-msmpi.exe -t 1 -remote -shared-solve-license QU5TWVNfTElDRU5TSU5HX0NPTlRFWFRfREFUQT08QU5TWVNfTElDRU5TSU5HX0NPTlRFWFRfREFUQT48SUQ+ZGI3M2IwYzItZGI0My00OWFhLWIxMmUtOTlkZjA1NzIyNzZlPC9JRD48VFlQRT5BUFBfREVGSU5FRDwvVFlQRT48TkFNRT5sdW1fc3RhbmRhcmRfc29sdmVfc2hhcmU8L05BTUU+PEhBTkRMRVI+NTYwNTZAQ05TLUYtUE1BRDExODc5LmF1c3Rpbi51dGV4YXMuZWR1PC9IQU5ETEVSPjwvQU5TWVNfTElDRU5TSU5HX0NPTlRFWFRfREFUQT4K C:/Users/ha24428/Box/Li_Group/Projects/Polaritons/Simulations/hBN_onSiO2/hBNThicknessDependence.fsp
number of processors is 4
processors are distributed as: 2x2x1
Running 2D Simulation
Starting meshing
Simulation size in gridpoints: 61 x 34 x 1
Refined 0 mesh cells (0%)
Completed meshing!
Meshing complete in 0 seconds of CPU time
120 120
Starting meshing
Simulation size in gridpoints: 61 x 34 x 1
Refined 0 mesh cells (0%)
Completed meshing!
Meshing complete in 0 seconds of CPU time
200 200
finished material properties
Selected kernel with optimization level: 2 and split-field propagation direction: 0
Starting meshing
Simulation size in gridpoints: 61 x 34 x 1
Refined 0 mesh cells (0%)
Completed meshing!
Meshing complete in 0.015625 seconds of CPU time
120 120
Selected kernel with optimization level: 2 and split-field propagation direction: 0
-----------------------------------------
Beginning initialization of 2D FDTD Simulation
  Including TE Simulation
Starting to add sources to simulation

Adding dipole source
Starting to add boundary conditions to simulation
Adding PML BC
Adding parallel BC
Adding PML BC
Adding parallel BC
Starting to add monitors to Simulation
Adding analysis monitor
Adding frequency monitor
Finished initialization of 2D Simulation
-----------------------------------------
All processes are communicating and ready to proceed to simulation...
Starting 1298185 total iterations
0.00369747% complete. Elapsed simulation time: 3.69747e-17 secs. Max time remaining: 1 min, 31 secs. Auto Shutoff: 1
1.26084% complete. Elapsed simulation time: 1.26084e-14 secs. Max time remaining: 1 min, 14 secs. Auto Shutoff: 1
2.52291% complete. Elapsed simulation time: 2.52291e-14 secs. Max time remaining: 1 min, 13 secs. Auto Shutoff: 1
5.04705% complete. Elapsed simulation time: 5.04705e-14 secs. Max time remaining: 1 min, 14 secs. Auto Shutoff: 1
6.30912% complete. Elapsed simulation time: 6.30912e-14 secs. Max time remaining: 1 min, 12 secs. Auto Shutoff: 1
8.83326% complete. Elapsed simulation time: 8.83326e-14 secs. Max time remaining: 1 min, 9 secs. Auto Shutoff: 1
11.3574% complete. Elapsed simulation time: 1.13574e-13 secs. Max time remaining: 1 min, 7 secs. Auto Shutoff: 0.100099
13.8815% complete. Elapsed simulation time: 1.38815e-13 secs. Max time remaining: 1 min, 5 secs. Auto Shutoff: 0.0401575
16.4057% complete. Elapsed simulation time: 1.64057e-13 secs. Max time remaining: 1 min, 3 secs. Auto Shutoff: 0.0130906
18.9298% complete. Elapsed simulation time: 1.89298e-13 secs. Max time remaining: 1 min, 1 secs. Auto Shutoff: 0.00629484
21.454% complete. Elapsed simulation time: 2.1454e-13 secs. Max time remaining: 59 secs. Auto Shutoff: 0.00343665
22.716% complete. Elapsed simulation time: 2.2716e-13 secs. Max time remaining: 59 secs. Auto Shutoff: 0.00226063
23.9781% complete. Elapsed simulation time: 2.39781e-13 secs. Max time remaining: 58 secs. Auto Shutoff: 0.00153434
26.5022% complete. Elapsed simulation time: 2.65022e-13 secs. Max time remaining: 56 secs. Auto Shutoff: 0.000662173
29.0264% complete. Elapsed simulation time: 2.90264e-13 secs. Max time remaining: 54 secs. Auto Shutoff: 0.000239027
31.5505% complete. Elapsed simulation time: 3.15505e-13 secs. Max time remaining: 52 secs. Auto Shutoff: 9.32845e-05
34.0747% complete. Elapsed simulation time: 3.40747e-13 secs. Max time remaining: 50 secs. Auto Shutoff: 3.08127e-05
36.5988% complete. Elapsed simulation time: 3.65988e-13 secs. Max time remaining: 48 secs. Auto Shutoff: 1.5602e-05
100% complete. Max time remaining: 0 mins, 0 secs. Auto Shutoff: 9.98439e-06
Early termination of simulation, the autoshutoff criteria are satisfied.
Completed 485696 iterations, or 3.741347e-13s of Simulation Time
Process 0 starting to collect data
    collecting TM monitor data
    collecting TE monitor data
    collecting TM source data
    collecting TE source data
Finished collecting data
Simulation completed successfully at: Sat Oct 26 10:07:16 2024
Overall wall time measurements in seconds: 29.9618
    time to mesh and initialize: 0.170446
    time to run FDTD simulation: 28.2381
    time to checkpoint simulation: 0
    time to finalize data and save to files: 0.1046
    miscellaneous time: 1.44863
    FDTD solver speed on process 0: 35.6729 Mnodes/s
    total FDTD solver speed on 4 processes: 142.692 Mnodes/s
