FDTD Solutions Version 8.17.1072 (Windows 64bit)
 expires (month/day/year): 2/1/2017
using config file: C:/Users/Hamza/AppData/Roaming/Lumerical/FDTD Solutions.ini
license host: DESKTOP-1SRDIPR
current time: Tue Jan 10 21:14:03 2017
Running on host: DESKTOP-1SRDIPR
All processes are communicating and ready to proceed to simulation...
Running fsp file: C:\Program Files\Lumerical\FDTD\bin\fdtd-engine-msmpi.exe -remote D:/Google Drive/PhD/Codes/Bullseye_Simulations/Gold Nanocone/nanocone_px.fsp
number of processors is 4
processors are distributed as: 1x2x2
Running 3D Simulation
Starting meshing
Simulation size in gridpoints: 65 x 33 x 63
Refined 2407 mesh cells (1.78118%)
Completed meshing!
Meshing complete in 0.96875 seconds of CPU time
11424 11424
Starting meshing
Simulation size in gridpoints: 65 x 33 x 63
Refined 2407 mesh cells (1.78118%)
Completed meshing!
Meshing complete in 0.890625 seconds of CPU time
10784 10784
Starting meshing
Simulation size in gridpoints: 65 x 33 x 63
Refined 2406 mesh cells (1.78044%)
Completed meshing!
Meshing complete in 1.07813 seconds of CPU time
11936 11936
finished material properties
Using selected optimization level: 2
Selecting 3d kernel for splitFieldDirection=0 and optLevel=2
-----------------------------------------
Beginning initialization of 3D Simulation
Starting to add sources to simulation
Adding 3D point Source
Starting to add boundary conditions to simulation
Adding 3D Anti-Symmetric BC
Adding 3D PML BC
Adding 3D Symmetric BC
Adding 3D Parallel BC
Adding 3D PML BC
Adding 3D Parallel BC
Starting to add monitors to Simulation
Adding analysis monitor
Adding analysis monitor
Adding 3D DFT monitor
Adding 3D DFT monitor
Adding 3D DFT monitor
Adding 3D DFT monitor
Adding analysis monitor
Adding analysis monitor
Adding 3D DFT monitor
Adding 3D DFT monitor
Adding 3D DFT monitor
Monitor ::model::QE::dipole::x1 is outside the simulation and will not record any data
Adding 3D DFT monitor
Adding 3D DFT monitor
Monitor ::model::QE::dipole::y1 is outside the simulation and will not record any data
Adding 3D DFT monitor
Adding analysis monitor
Adding 3D DFT monitor
Adding 3D DFT monitor
Adding 3D DFT monitor
Monitor ::model::QE::structure::x1 is outside the simulation and will not record any data
Adding 3D DFT monitor
Adding 3D DFT monitor
Monitor ::model::QE::structure::y1 is outside the simulation and will not record any data
Adding 3D DFT monitor
Finished initialization of 3D Simulation
-----------------------------------------
All processes are communicating and ready to proceed to simulation...
Starting 134645 total iterations
0% complete. Max time remaining: 25 mins, 29 secs. Auto Shutoff: 1
1% complete. Max time remaining: 24 mins, 59 secs. Auto Shutoff: 1
2% complete. Max time remaining: 24 mins, 47 secs. Auto Shutoff: 1
3% complete. Max time remaining: 24 mins, 33 secs. Auto Shutoff: 0.00781518
4% complete. Max time remaining: 24 mins, 18 secs. Auto Shutoff: 0.000272795
5% complete. Max time remaining: 24 mins, 4 secs. Auto Shutoff: 3.2315e-005
100% complete. Max time remaining: 0 mins, 0 secs. Auto Shutoff: 6.2322e-006
Early termination of simulation, the autoshutoff criteria are satisfied.
Completed 7216 iterations, or 5.359295e-014s of Simulation Time
Process 0 starting to collect data
    collecting monitor data
Monitor ::model::QE::dipole::x1 is outside the simulation and will not record any data
Monitor ::model::QE::dipole::y1 is outside the simulation and will not record any data
Monitor ::model::QE::structure::x1 is outside the simulation and will not record any data
Monitor ::model::QE::structure::y1 is outside the simulation and will not record any data
    collecting source data
Finished collecting data
Simulation completed successfully at: Tue Jan 10 21:15:28 2017
Overall wall time measurements in seconds:
    time to mesh and initialize: 3
    time to run FDTD simulation: 82
    time to finalize data and save to files: 0
    FDTD solver speed: 11.8919 Mnodes/s
    total FDTD solver speed on 4 processes: 47.5675 Mnodes/s
